{
  "RSpec": {
    "coverage": {
      "/Users/mike/Challenges/bookmark_challenge/spec/bookmark_spec.rb": [
        1,
        null,
        1,
        1,
        1,
        1,
        1,
        1,
        null,
        1,
        null,
        1,
        1,
        1,
        null,
        null,
        null,
        1,
        1,
        1,
        null,
        1,
        null,
        null,
        null
      ],
      "/Users/mike/Challenges/bookmark_challenge/spec/features/create_bookmark_spec.rb": [
        null,
        1,
        1,
        1,
        1,
        1,
        1,
        null,
        null
      ],
      "/Users/mike/Challenges/bookmark_challenge/spec/features/testing_infustructure_spec.rb": [
        null,
        null,
        null,
        null,
        null,
        null,
        null
      ],
      "/Users/mike/Challenges/bookmark_challenge/spec/features/view_bookmarks_spec.rb": [
        null,
        1,
        1,
        null,
        1,
        1,
        1,
        null,
        1,
        1,
        1,
        1,
        null,
        null
      ]
    },
    "timestamp": 1562453057
  }
}
